<?xml version="1.0" encoding="UTF-8"?>
<!-- Generated by org.testng.reporters.JUnitReportReporter -->
<testsuite hostname="DESKTOP-J94RMLN" failures="0" tests="1" name="cucumberRunner.runnerclass" time="5.447" errors="0" timestamp="2024-12-11T00:13:21 IST" skipped="0">
  <testcase classname="cucumberRunner.runnerclass" name="runScenario" time="5.447"/>
</testsuite> <!-- cucumberRunner.runnerclass -->
