<?xml version="1.0" encoding="UTF-8"?>
<!-- Generated by org.testng.reporters.JUnitReportReporter -->
<testsuite hostname="DESKTOP-J94RMLN" failures="0" tests="1" name="cucumberRunner.runnerclass" time="4.653" errors="0" timestamp="2024-11-12T17:58:33 IST" skipped="0">
  <testcase classname="cucumberRunner.runnerclass" name="runScenario" time="4.653"/>
</testsuite> <!-- cucumberRunner.runnerclass -->
